nohup: ignoring input

❀ Iniciando...


   [38;2;255;0;0m█[39m[38;2;255;13;0m█[39m[38;2;255;27;0m╗[39m[38;2;255;41;0m [39m[38;2;255;55;0m [39m[38;2;255;68;0m [39m[38;2;255;82;0m█[39m[38;2;255;96;0m█[39m[38;2;255;110;0m╗[39m[38;2;255;124;0m [39m[38;2;255;137;0m█[39m[38;2;255;151;0m█[39m[38;2;255;165;0m╗[39m[38;2;255;179;0m [39m[38;2;255;192;0m [39m[38;2;255;206;0m [39m[38;2;255;220;0m█[39m[38;2;255;234;0m█[39m[38;2;255;248;0m╗[39m[38;2;248;255;0m [39m[38;2;234;255;0m█[39m[38;2;220;255;0m█[39m[38;2;206;255;0m╗[39m[38;2;192;255;0m [39m[38;2;179;255;0m [39m[38;2;165;255;0m█[39m[38;2;151;255;0m█[39m[38;2;137;255;0m╗[39m[38;2;124;255;0m [39m[38;2;110;255;0m█[39m[38;2;96;255;0m█[39m[38;2;82;255;0m╗[39m[38;2;68;255;0m [39m[38;2;55;255;0m [39m[38;2;41;255;0m [39m[38;2;27;255;0m [39m[38;2;13;255;0m [39m[38;2;0;255;0m█[39m[38;2;0;255;13m█[39m[38;2;0;255;27m█[39m[38;2;0;255;41m█[39m[38;2;0;255;55m█[39m[38;2;0;255;68m█[39m[38;2;0;255;82m█[39m[38;2;0;255;96m╗[39m[38;2;0;255;110m [39m[38;2;0;255;124m█[39m[38;2;0;255;137m█[39m[38;2;0;255;151m╗[39m[38;2;0;255;165m [39m[38;2;0;255;179m [39m[38;2;0;255;192m [39m[38;2;0;255;206m█[39m[38;2;0;255;220m█[39m[38;2;0;255;234m╗[39m[38;2;0;255;248m [39m[38;2;0;248;255m [39m[38;2;0;234;255m█[39m[38;2;0;220;255m█[39m[38;2;0;206;255m█[39m[38;2;0;192;255m█[39m[38;2;0;179;255m█[39m[38;2;0;165;255m█[39m[38;2;0;151;255m╗[39m[38;2;0;137;255m [39m[38;2;0;124;255m [39m[38;2;0;110;255m█[39m[38;2;0;96;255m█[39m[38;2;0;82;255m╗[39m[38;2;0;68;255m [39m[38;2;0;55;255m [39m[38;2;0;41;255m [39m[38;2;0;27;255m█[39m[38;2;0;13;255m█[39m[38;2;0;0;255m╗[39m
   [38;2;255;0;0m╚[39m[38;2;255;13;0m█[39m[38;2;255;27;0m█[39m[38;2;255;41;0m╗[39m[38;2;255;55;0m [39m[38;2;255;68;0m█[39m[38;2;255;82;0m█[39m[38;2;255;96;0m╔[39m[38;2;255;110;0m╝[39m[38;2;255;124;0m [39m[38;2;255;137;0m█[39m[38;2;255;151;0m█[39m[38;2;255;165;0m║[39m[38;2;255;179;0m [39m[38;2;255;192;0m [39m[38;2;255;206;0m [39m[38;2;255;220;0m█[39m[38;2;255;234;0m█[39m[38;2;255;248;0m║[39m[38;2;248;255;0m [39m[38;2;234;255;0m█[39m[38;2;220;255;0m█[39m[38;2;206;255;0m║[39m[38;2;192;255;0m [39m[38;2;179;255;0m█[39m[38;2;165;255;0m█[39m[38;2;151;255;0m╔[39m[38;2;137;255;0m╝[39m[38;2;124;255;0m [39m[38;2;110;255;0m█[39m[38;2;96;255;0m█[39m[38;2;82;255;0m║[39m[38;2;68;255;0m [39m[38;2;55;255;0m [39m[38;2;41;255;0m [39m[38;2;27;255;0m [39m[38;2;13;255;0m [39m[38;2;0;255;0m█[39m[38;2;0;255;13m█[39m[38;2;0;255;27m╔[39m[38;2;0;255;41m═[39m[38;2;0;255;55m═[39m[38;2;0;255;68m═[39m[38;2;0;255;82m═[39m[38;2;0;255;96m╝[39m[38;2;0;255;110m [39m[38;2;0;255;124m█[39m[38;2;0;255;137m█[39m[38;2;0;255;151m║[39m[38;2;0;255;165m [39m[38;2;0;255;179m [39m[38;2;0;255;192m [39m[38;2;0;255;206m█[39m[38;2;0;255;220m█[39m[38;2;0;255;234m║[39m[38;2;0;255;248m [39m[38;2;0;248;255m█[39m[38;2;0;234;255m█[39m[38;2;0;220;255m╔[39m[38;2;0;206;255m═[39m[38;2;0;192;255m═[39m[38;2;0;179;255m═[39m[38;2;0;165;255m█[39m[38;2;0;151;255m█[39m[38;2;0;137;255m╗[39m[38;2;0;124;255m [39m[38;2;0;110;255m█[39m[38;2;0;96;255m█[39m[38;2;0;82;255m║[39m[38;2;0;68;255m [39m[38;2;0;55;255m [39m[38;2;0;41;255m [39m[38;2;0;27;255m█[39m[38;2;0;13;255m█[39m[38;2;0;0;255m║[39m
   [38;2;255;0;0m [39m[38;2;255;13;0m╚[39m[38;2;255;27;0m█[39m[38;2;255;41;0m█[39m[38;2;255;55;0m█[39m[38;2;255;68;0m█[39m[38;2;255;82;0m╔[39m[38;2;255;96;0m╝[39m[38;2;255;110;0m [39m[38;2;255;124;0m [39m[38;2;255;137;0m█[39m[38;2;255;151;0m█[39m[38;2;255;165;0m║[39m[38;2;255;179;0m [39m[38;2;255;192;0m [39m[38;2;255;206;0m [39m[38;2;255;220;0m█[39m[38;2;255;234;0m█[39m[38;2;255;248;0m║[39m[38;2;248;255;0m [39m[38;2;234;255;0m█[39m[38;2;220;255;0m█[39m[38;2;206;255;0m█[39m[38;2;192;255;0m█[39m[38;2;179;255;0m█[39m[38;2;165;255;0m╔[39m[38;2;151;255;0m╝[39m[38;2;137;255;0m [39m[38;2;124;255;0m [39m[38;2;110;255;0m█[39m[38;2;96;255;0m█[39m[38;2;82;255;0m║[39m[38;2;68;255;0m [39m[38;2;55;255;0m [39m[38;2;41;255;0m [39m[38;2;27;255;0m [39m[38;2;13;255;0m [39m[38;2;0;255;0m█[39m[38;2;0;255;13m█[39m[38;2;0;255;27m█[39m[38;2;0;255;41m█[39m[38;2;0;255;55m█[39m[38;2;0;255;68m█[39m[38;2;0;255;82m█[39m[38;2;0;255;96m╗[39m[38;2;0;255;110m [39m[38;2;0;255;124m█[39m[38;2;0;255;137m█[39m[38;2;0;255;151m║[39m[38;2;0;255;165m [39m[38;2;0;255;179m [39m[38;2;0;255;192m [39m[38;2;0;255;206m█[39m[38;2;0;255;220m█[39m[38;2;0;255;234m║[39m[38;2;0;255;248m [39m[38;2;0;248;255m█[39m[38;2;0;234;255m█[39m[38;2;0;220;255m║[39m[38;2;0;206;255m [39m[38;2;0;192;255m [39m[38;2;0;179;255m [39m[38;2;0;165;255m█[39m[38;2;0;151;255m█[39m[38;2;0;137;255m║[39m[38;2;0;124;255m [39m[38;2;0;110;255m█[39m[38;2;0;96;255m█[39m[38;2;0;82;255m║[39m[38;2;0;68;255m [39m[38;2;0;55;255m [39m[38;2;0;41;255m [39m[38;2;0;27;255m█[39m[38;2;0;13;255m█[39m[38;2;0;0;255m║[39m
   [38;2;255;0;0m [39m[38;2;255;13;0m [39m[38;2;255;27;0m╚[39m[38;2;255;41;0m█[39m[38;2;255;55;0m█[39m[38;2;255;68;0m╔[39m[38;2;255;82;0m╝[39m[38;2;255;96;0m [39m[38;2;255;110;0m [39m[38;2;255;124;0m [39m[38;2;255;137;0m█[39m[38;2;255;151;0m█[39m[38;2;255;165;0m║[39m[38;2;255;179;0m [39m[38;2;255;192;0m [39m[38;2;255;206;0m [39m[38;2;255;220;0m█[39m[38;2;255;234;0m█[39m[38;2;255;248;0m║[39m[38;2;248;255;0m [39m[38;2;234;255;0m█[39m[38;2;220;255;0m█[39m[38;2;206;255;0m╔[39m[38;2;192;255;0m═[39m[38;2;179;255;0m█[39m[38;2;165;255;0m█[39m[38;2;151;255;0m╗[39m[38;2;137;255;0m [39m[38;2;124;255;0m [39m[38;2;110;255;0m█[39m[38;2;96;255;0m█[39m[38;2;82;255;0m║[39m[38;2;68;255;0m [39m[38;2;55;255;0m [39m[38;2;41;255;0m [39m[38;2;27;255;0m [39m[38;2;13;255;0m [39m[38;2;0;255;0m╚[39m[38;2;0;255;13m═[39m[38;2;0;255;27m═[39m[38;2;0;255;41m═[39m[38;2;0;255;55m═[39m[38;2;0;255;68m█[39m[38;2;0;255;82m█[39m[38;2;0;255;96m║[39m[38;2;0;255;110m [39m[38;2;0;255;124m█[39m[38;2;0;255;137m█[39m[38;2;0;255;151m║[39m[38;2;0;255;165m [39m[38;2;0;255;179m [39m[38;2;0;255;192m [39m[38;2;0;255;206m█[39m[38;2;0;255;220m█[39m[38;2;0;255;234m║[39m[38;2;0;255;248m [39m[38;2;0;248;255m█[39m[38;2;0;234;255m█[39m[38;2;0;220;255m║[39m[38;2;0;206;255m [39m[38;2;0;192;255m [39m[38;2;0;179;255m [39m[38;2;0;165;255m█[39m[38;2;0;151;255m█[39m[38;2;0;137;255m║[39m[38;2;0;124;255m [39m[38;2;0;110;255m█[39m[38;2;0;96;255m█[39m[38;2;0;82;255m║[39m[38;2;0;68;255m [39m[38;2;0;55;255m [39m[38;2;0;41;255m [39m[38;2;0;27;255m█[39m[38;2;0;13;255m█[39m[38;2;0;0;255m║[39m
   [38;2;255;0;0m [39m[38;2;255;13;0m [39m[38;2;255;27;0m [39m[38;2;255;41;0m█[39m[38;2;255;55;0m█[39m[38;2;255;68;0m║[39m[38;2;255;82;0m [39m[38;2;255;96;0m [39m[38;2;255;110;0m [39m[38;2;255;124;0m [39m[38;2;255;137;0m╚[39m[38;2;255;151;0m█[39m[38;2;255;165;0m█[39m[38;2;255;179;0m█[39m[38;2;255;192;0m█[39m[38;2;255;206;0m█[39m[38;2;255;220;0m█[39m[38;2;255;234;0m╔[39m[38;2;255;248;0m╝[39m[38;2;248;255;0m [39m[38;2;234;255;0m█[39m[38;2;220;255;0m█[39m[38;2;206;255;0m║[39m[38;2;192;255;0m [39m[38;2;179;255;0m [39m[38;2;165;255;0m█[39m[38;2;151;255;0m█[39m[38;2;137;255;0m╗[39m[38;2;124;255;0m [39m[38;2;110;255;0m█[39m[38;2;96;255;0m█[39m[38;2;82;255;0m║[39m[38;2;68;255;0m [39m[38;2;55;255;0m [39m[38;2;41;255;0m [39m[38;2;27;255;0m [39m[38;2;13;255;0m [39m[38;2;0;255;0m█[39m[38;2;0;255;13m█[39m[38;2;0;255;27m█[39m[38;2;0;255;41m█[39m[38;2;0;255;55m█[39m[38;2;0;255;68m█[39m[38;2;0;255;82m█[39m[38;2;0;255;96m║[39m[38;2;0;255;110m [39m[38;2;0;255;124m╚[39m[38;2;0;255;137m█[39m[38;2;0;255;151m█[39m[38;2;0;255;165m█[39m[38;2;0;255;179m█[39m[38;2;0;255;192m█[39m[38;2;0;255;206m█[39m[38;2;0;255;220m╔[39m[38;2;0;255;234m╝[39m[38;2;0;255;248m [39m[38;2;0;248;255m╚[39m[38;2;0;234;255m█[39m[38;2;0;220;255m█[39m[38;2;0;206;255m█[39m[38;2;0;192;255m█[39m[38;2;0;179;255m█[39m[38;2;0;165;255m█[39m[38;2;0;151;255m╔[39m[38;2;0;137;255m╝[39m[38;2;0;124;255m [39m[38;2;0;110;255m╚[39m[38;2;0;96;255m█[39m[38;2;0;82;255m█[39m[38;2;0;68;255m█[39m[38;2;0;55;255m█[39m[38;2;0;41;255m█[39m[38;2;0;27;255m█[39m[38;2;0;13;255m╔[39m[38;2;0;0;255m╝[39m
   [38;2;255;0;0m [39m[38;2;255;13;0m [39m[38;2;255;27;0m [39m[38;2;255;41;0m╚[39m[38;2;255;55;0m═[39m[38;2;255;68;0m╝[39m[38;2;255;82;0m [39m[38;2;255;96;0m [39m[38;2;255;110;0m [39m[38;2;255;124;0m [39m[38;2;255;137;0m [39m[38;2;255;151;0m╚[39m[38;2;255;165;0m═[39m[38;2;255;179;0m═[39m[38;2;255;192;0m═[39m[38;2;255;206;0m═[39m[38;2;255;220;0m═[39m[38;2;255;234;0m╝[39m[38;2;255;248;0m [39m[38;2;248;255;0m [39m[38;2;234;255;0m╚[39m[38;2;220;255;0m═[39m[38;2;206;255;0m╝[39m[38;2;192;255;0m [39m[38;2;179;255;0m [39m[38;2;165;255;0m╚[39m[38;2;151;255;0m═[39m[38;2;137;255;0m╝[39m[38;2;124;255;0m [39m[38;2;110;255;0m╚[39m[38;2;96;255;0m═[39m[38;2;82;255;0m╝[39m[38;2;68;255;0m [39m[38;2;55;255;0m [39m[38;2;41;255;0m [39m[38;2;27;255;0m [39m[38;2;13;255;0m [39m[38;2;0;255;0m╚[39m[38;2;0;255;13m═[39m[38;2;0;255;27m═[39m[38;2;0;255;41m═[39m[38;2;0;255;55m═[39m[38;2;0;255;68m═[39m[38;2;0;255;82m═[39m[38;2;0;255;96m╝[39m[38;2;0;255;110m [39m[38;2;0;255;124m [39m[38;2;0;255;137m╚[39m[38;2;0;255;151m═[39m[38;2;0;255;165m═[39m[38;2;0;255;179m═[39m[38;2;0;255;192m═[39m[38;2;0;255;206m═[39m[38;2;0;255;220m╝[39m[38;2;0;255;234m [39m[38;2;0;255;248m [39m[38;2;0;248;255m [39m[38;2;0;234;255m╚[39m[38;2;0;220;255m═[39m[38;2;0;206;255m═[39m[38;2;0;192;255m═[39m[38;2;0;179;255m═[39m[38;2;0;165;255m═[39m[38;2;0;151;255m╝[39m[38;2;0;137;255m [39m[38;2;0;124;255m [39m[38;2;0;110;255m [39m[38;2;0;96;255m╚[39m[38;2;0;82;255m═[39m[38;2;0;68;255m═[39m[38;2;0;55;255m═[39m[38;2;0;41;255m═[39m[38;2;0;27;255m═[39m[38;2;0;13;255m╝[39m[38;2;0;0;255m [39m




                            [38;2;0;0;255mm[39m[38;2;0;53;255ma[39m[38;2;0;106;255md[39m[38;2;0;159;255me[39m[38;2;0;212;255m [39m[38;2;0;255;244mw[39m[38;2;0;255;191mi[39m[38;2;0;255;138mt[39m[38;2;0;255;85mh[39m[38;2;0;255;31m [39m[38;2;21;255;0ml[39m[38;2;74;255;0mo[39m[38;2;127;255;0mv[39m[38;2;180;255;0me[39m[38;2;233;255;0m [39m[38;2;255;223;0mb[39m[38;2;255;170;0my[39m[38;2;255;116;0m [39m[38;2;255;63;0md[39m[38;2;255;10;0me[39m[38;2;255;0;42ms[39m[38;2;255;0;95mt[39m[38;2;255;0;148mr[39m[38;2;255;0;201mo[39m[38;2;255;0;255my[39m


[ ✿  ]  Base de datos cargada correctamente.
WARNING Por favor espere aproximadamente 1 minuto...
[ ✿ ]  Conectado a: 🦈the 𝘯𝘢𝘯𝘰-BOT🦈
WARNING Conexión cerrada, intentando reconectarse...
WARNING Por favor espere aproximadamente 1 minuto...
[ ✿ ]  Conectado a: 🦈the 𝘯𝘢𝘯𝘰-BOT🦈
╭────────────────────────────···
│ Bot: 50244765267@s.whatsapp.net
│ Fecha: 23/04/26 23:34:52
│ Usuario: 🦈the 𝘯𝘢𝘯𝘰-BOT🦈
│ Remitente: 50244765267@s.whatsapp.net
│ Grupo: Xd
│ ID: 120363424254898940@g.us
│ Comando usado: w
╰────────────────────────────···

╭────────────────────────────···
│ Bot: 50244765267@s.whatsapp.net
│ Fecha: 23/04/26 23:35:00
│ Usuario: 🦈the 𝘯𝘢𝘯𝘰-BOT🦈
│ Remitente: 50244765267@s.whatsapp.net
│ Grupo: Xd
│ ID: 120363424254898940@g.us
│ Comando usado: bal
╰────────────────────────────···

WARNING Se perdió la conexión al servidor, intento reconectarme..
WARNING Por favor espere aproximadamente 1 minuto...
[ ✿ ]  Conectado a: 🦈the 𝘯𝘢𝘯𝘰-BOT🦈
╭────────────────────────────···
│ Bot: 50244765267@s.whatsapp.net
│ Fecha: 23/04/26 23:36:40
│ Usuario: 🦈the 𝘯𝘢𝘯𝘰-BOT🦈
│ Remitente: 50244765267@s.whatsapp.net
│ Grupo: Xd
│ ID: 120363424254898940@g.us
│ Comando usado: kiss
╰────────────────────────────···

WARNING Se perdió la conexión al servidor, intento reconectarme..
[ ✿ ]  Conectado a: 🦈the 𝘯𝘢𝘯𝘰-BOT🦈
WARNING Por favor espere aproximadamente 1 minuto...
╭────────────────────────────···
│ Bot: 50244765267@s.whatsapp.net
│ Fecha: 23/04/26 23:39:43
│ Usuario: 🦈the 𝘯𝘢𝘯𝘰-BOT🦈
│ Remitente: 50244765267@s.whatsapp.net
│ Grupo: Xd
│ ID: 120363424254898940@g.us
│ Comando usado: w
╰────────────────────────────···

WARNING Conexión cerrada, intentando reconectarse...
WARNING Por favor espere aproximadamente 1 minuto...
[ ✿ ]  Conectado a: 🦈the 𝘯𝘢𝘯𝘰-BOT🦈
╭────────────────────────────···
│ Bot: 50244765267@s.whatsapp.net
│ Fecha: 23/04/26 23:40:08
│ Usuario: 🦈the 𝘯𝘢𝘯𝘰-BOT🦈
│ Remitente: 50244765267@s.whatsapp.net
│ Grupo: Xd
│ ID: 120363424254898940@g.us
│ Comando usado: bal
╰────────────────────────────···

╭────────────────────────────···
│ Bot: 50244765267@s.whatsapp.net
│ Fecha: 23/04/26 23:40:13
│ Usuario: 🦈the 𝘯𝘢𝘯𝘰-BOT🦈
│ Remitente: 50244765267@s.whatsapp.net
│ Grupo: Xd
│ ID: 120363424254898940@g.us
│ Comando usado: mine
╰────────────────────────────···

╭────────────────────────────···
│ Bot: 50244765267@s.whatsapp.net
│ Fecha: 23/04/26 23:40:22
│ Usuario: 🦈the 𝘯𝘢𝘯𝘰-BOT🦈
│ Remitente: 50244765267@s.whatsapp.net
│ Grupo: Xd
│ ID: 120363424254898940@g.us
│ Comando usado: menu
╰────────────────────────────···

WARNING Se perdió la conexión al servidor, intento reconectarme..
[ ✿ ]  Conectado a: 🦈the 𝘯𝘢𝘯𝘰-BOT🦈
[ BOT  ]  → TypeError: Cannot read properties of undefined (reading 'split')
[ BOT  ]  → TypeError: Cannot read properties of undefined (reading 'split')
WARNING Por favor espere aproximadamente 1 minuto...
╭────────────────────────────···
│ Bot: 50244765267@s.whatsapp.net
│ Fecha: 23/04/26 23:42:28
│ Usuario: 🦈the 𝘯𝘢𝘯𝘰-BOT🦈
│ Remitente: 50244765267@s.whatsapp.net
│ Grupo: Xd
│ ID: 120363424254898940@g.us
│ Comando usado: work
╰────────────────────────────···

WARNING Conexión cerrada, intentando reconectarse...
WARNING Por favor espere aproximadamente 1 minuto...
[ ✿ ]  Conectado a: 🦈the 𝘯𝘢𝘯𝘰-BOT🦈
WARNING Conexión cerrada, intentando reconectarse...
WARNING Por favor espere aproximadamente 1 minuto...
[ ✿ ]  Conectado a: 🦈the 𝘯𝘢𝘯𝘰-BOT🦈
WARNING Conexión cerrada, intentando reconectarse...
WARNING Por favor espere aproximadamente 1 minuto...
[ ✿ ]  Conectado a: 🦈the 𝘯𝘢𝘯𝘰-BOT🦈
WARNING Conexión cerrada, intentando reconectarse...
WARNING Por favor espere aproximadamente 1 minuto...
[ ✿ ]  Conectado a: 🦈the 𝘯𝘢𝘯𝘰-BOT🦈
WARNING Primero cierre la sesión actual...
